<?xml version="1.0" encoding="UTF-8"?>
<!-- Generated by org.testng.reporters.JUnitXMLReporter -->
<testsuite ignored="0" hostname="Safikuls-MacBook-Air.local" failures="0" tests="4" name="Test" time="30.563" errors="0" timestamp="2025-05-28T17:52:50 IST">
  <testcase classname="testCases.TC001_AccRegTest" name="verify_AccReg" time="9.288"/>
  <testcase classname="testCases.TC002_LoginTest" name="verify_Login" time="5.966"/>
  <testcase classname="testCases.TC004_SearchProductTest" name="verify_productSearch" time="0.366"/>
  <testcase classname="testCases.TC005_AddToCartPageTest" name="verify_productSearch" time="1.611"/>
</testsuite> <!-- Test -->
