<?xml version="1.0" encoding="UTF-8"?>
<!-- Generated by org.testng.reporters.JUnitXMLReporter -->
<testsuite ignored="0" hostname="Safikuls-MacBook-Air.local" failures="0" tests="6" name="Test" time="84.31" errors="0" timestamp="2025-03-10T19:11:12 IST">
  <testcase classname="testCases.TC003_LoginDDT" name="verify_LoginDDT" time="8.282"/>
  <testcase classname="testCases.TC003_LoginDDT" name="verify_LoginDDT" time="8.558"/>
  <testcase classname="testCases.TC003_LoginDDT" name="verify_LoginDDT" time="8.44"/>
  <testcase classname="testCases.TC003_LoginDDT" name="verify_LoginDDT" time="18.044"/>
  <testcase classname="testCases.TC003_LoginDDT" name="verify_LoginDDT" time="8.333"/>
  <testcase classname="testCases.TC003_LoginDDT" name="verify_LoginDDT" time="17.951"/>
</testsuite> <!-- Test -->
