<?xml version="1.0" encoding="UTF-8"?>
<testng-results ignored="0" total="1" passed="1" failed="0" skipped="0">
  <reporter-output>
  </reporter-output>
  <suite started-at="2025-05-29T21:21:23 IST" name="Master Suite" finished-at="2025-05-29T21:21:56 IST" duration-ms="33565">
    <groups>
      <group name="Master">
        <method signature="TC006_EndToEndTest.endToendTest()[pri:0, instance:testCases.TC006_EndToEndTest@1338fb5]" name="endToendTest" class="testCases.TC006_EndToEndTest"/>
      </group> <!-- Master -->
      <group name="Sanity">
        <method signature="TC006_EndToEndTest.endToendTest()[pri:0, instance:testCases.TC006_EndToEndTest@1338fb5]" name="endToendTest" class="testCases.TC006_EndToEndTest"/>
      </group> <!-- Sanity -->
      <group name="Regression">
        <method signature="TC006_EndToEndTest.endToendTest()[pri:0, instance:testCases.TC006_EndToEndTest@1338fb5]" name="endToendTest" class="testCases.TC006_EndToEndTest"/>
      </group> <!-- Regression -->
    </groups>
    <test started-at="2025-05-29T21:21:23 IST" name="Test" finished-at="2025-05-29T21:21:56 IST" duration-ms="33565">
      <class name="testCases.TC006_EndToEndTest">
        <test-method is-config="true" signature="setup(java.lang.String,java.lang.String)[pri:0, instance:testCases.TC006_EndToEndTest@1338fb5]" started-at="2025-05-29T21:21:23 IST" name="setup" finished-at="2025-05-29T21:21:29 IST" duration-ms="6254" status="PASS">
          <params>
            <param index="0">
              <value>
                <![CDATA[macOS]]>
              </value>
            </param>
            <param index="1">
              <value>
                <![CDATA[chrome]]>
              </value>
            </param>
          </params>
          <reporter-output>
          </reporter-output>
        </test-method> <!-- setup -->
        <test-method signature="endToendTest()[pri:0, instance:testCases.TC006_EndToEndTest@1338fb5]" started-at="2025-05-29T21:21:29 IST" name="endToendTest" finished-at="2025-05-29T21:21:56 IST" duration-ms="27095" status="PASS">
          <reporter-output>
          </reporter-output>
        </test-method> <!-- endToendTest -->
        <test-method is-config="true" signature="teardown()[pri:0, instance:testCases.TC006_EndToEndTest@1338fb5]" started-at="2025-05-29T21:21:56 IST" name="teardown" finished-at="2025-05-29T21:21:56 IST" duration-ms="105" status="PASS">
          <reporter-output>
          </reporter-output>
        </test-method> <!-- teardown -->
      </class> <!-- testCases.TC006_EndToEndTest -->
    </test> <!-- Test -->
  </suite> <!-- Master Suite -->
</testng-results>
